Performing C SOURCE FILE Test CMAKE_HAVE_LIBC_PTHREAD failed with the following output:
Change Dir: /local/home/itec/hadi/cost/HEVC/build/CMakeFiles/CMakeTmp

Run Build Command(s):/usr/bin/make cmTC_cc366/fast && /usr/bin/make  -f CMakeFiles/cmTC_cc366.dir/build.make CMakeFiles/cmTC_cc366.dir/build
make[1]: Entering directory '/local/home/itec/hadi/cost/HEVC/build/CMakeFiles/CMakeTmp'
Building C object CMakeFiles/cmTC_cc366.dir/src.c.o
/usr/bin/cc   -DCMAKE_HAVE_LIBC_PTHREAD -fPIE   -o CMakeFiles/cmTC_cc366.dir/src.c.o   -c /local/home/itec/hadi/cost/HEVC/build/CMakeFiles/CMakeTmp/src.c
Linking C executable cmTC_cc366
/local/home/itec/hadi/pythonenv/lib/python3.6/site-packages/cmake/data/bin/cmake -E cmake_link_script CMakeFiles/cmTC_cc366.dir/link.txt --verbose=1
/usr/bin/cc  -DCMAKE_HAVE_LIBC_PTHREAD    CMakeFiles/cmTC_cc366.dir/src.c.o  -o cmTC_cc366 
CMakeFiles/cmTC_cc366.dir/src.c.o: In function `main':
src.c:(.text+0x3e): undefined reference to `pthread_create'
src.c:(.text+0x4a): undefined reference to `pthread_detach'
src.c:(.text+0x56): undefined reference to `pthread_cancel'
src.c:(.text+0x67): undefined reference to `pthread_join'
src.c:(.text+0x7b): undefined reference to `pthread_atfork'
collect2: error: ld returned 1 exit status
CMakeFiles/cmTC_cc366.dir/build.make:106: recipe for target 'cmTC_cc366' failed
make[1]: *** [cmTC_cc366] Error 1
make[1]: Leaving directory '/local/home/itec/hadi/cost/HEVC/build/CMakeFiles/CMakeTmp'
Makefile:141: recipe for target 'cmTC_cc366/fast' failed
make: *** [cmTC_cc366/fast] Error 2


Source file was:
#include <pthread.h>

void* test_func(void* data)
{
  return data;
}

int main(void)
{
  pthread_t thread;
  pthread_create(&thread, NULL, test_func, NULL);
  pthread_detach(thread);
  pthread_cancel(thread);
  pthread_join(thread, NULL);
  pthread_atfork(NULL, NULL, NULL);
  pthread_exit(NULL);

  return 0;
}

Determining if the pthread_create exist failed with the following output:
Change Dir: /home/shared/athena/ATHENA_Dataset/HEVC/build/CMakeFiles/CMakeTmp

Run Build Command:"/usr/bin/make" "cmTC_c2313/fast"
/usr/bin/make -f CMakeFiles/cmTC_c2313.dir/build.make CMakeFiles/cmTC_c2313.dir/build
make[1]: Entering directory '/local/home/shared/athena/ATHENA_Dataset/HEVC/build/CMakeFiles/CMakeTmp'
Building C object CMakeFiles/cmTC_c2313.dir/CheckSymbolExists.c.o
/usr/bin/cc   -fPIE   -o CMakeFiles/cmTC_c2313.dir/CheckSymbolExists.c.o   -c /home/shared/athena/ATHENA_Dataset/HEVC/build/CMakeFiles/CMakeTmp/CheckSymbolExists.c
Linking C executable cmTC_c2313
/usr/bin/cmake -E cmake_link_script CMakeFiles/cmTC_c2313.dir/link.txt --verbose=1
/usr/bin/cc      CMakeFiles/cmTC_c2313.dir/CheckSymbolExists.c.o  -o cmTC_c2313 
CMakeFiles/cmTC_c2313.dir/CheckSymbolExists.c.o: In function `main':
CheckSymbolExists.c:(.text+0x1b): undefined reference to `pthread_create'
collect2: error: ld returned 1 exit status
CMakeFiles/cmTC_c2313.dir/build.make:97: recipe for target 'cmTC_c2313' failed
make[1]: *** [cmTC_c2313] Error 1
make[1]: Leaving directory '/local/home/shared/athena/ATHENA_Dataset/HEVC/build/CMakeFiles/CMakeTmp'
Makefile:126: recipe for target 'cmTC_c2313/fast' failed
make: *** [cmTC_c2313/fast] Error 2

File /home/shared/athena/ATHENA_Dataset/HEVC/build/CMakeFiles/CMakeTmp/CheckSymbolExists.c:
/* */
#include <pthread.h>

int main(int argc, char** argv)
{
  (void)argv;
#ifndef pthread_create
  return ((int*)(&pthread_create))[argc];
#else
  (void)argc;
  return 0;
#endif
}

